2026-05-02 21:14:32,431 [INFO] app.main: Uygulama başlatılıyor...
2026-05-02 21:14:32,431 [INFO] app.main: Uygulama başlatılıyor...
2026-05-02 21:14:32,670 [INFO] app.main: Uygulama başlatılıyor...
2026-05-02 21:16:22,605 [INFO] app.scraper.clients: Karma Piyasa Operasyonu (TR + Global): ESP32
2026-05-02 21:16:25,323 [INFO] httpx: HTTP Request: GET https://www.robolinkmarket.com/arama?q=ESP32 "HTTP/1.1 200 OK"
2026-05-02 21:16:25,363 [INFO] httpx: HTTP Request: GET https://www.findchips.com/search/ESP32?currency=EUR "HTTP/1.1 200 OK"
2026-05-02 21:16:25,542 [INFO] httpx: HTTP Request: GET https://www.robo90.com/arama?q=ESP32 "HTTP/1.1 200 OK"
2026-05-02 21:16:26,098 [INFO] httpx: HTTP Request: GET https://www.direnc.net/arama?q=ESP32 "HTTP/1.1 200 OK"
2026-05-02 21:16:26,101 [INFO] httpx: HTTP Request: GET https://www.robotistan.com/arama?q=ESP32 "HTTP/1.1 200 OK"
2026-05-02 21:16:26,602 [INFO] httpx: HTTP Request: GET https://www.komponentci.net/arama?q=ESP32 "HTTP/1.1 302 Object moved"
2026-05-02 21:16:27,831 [INFO] httpx: HTTP Request: GET https://www.komponentci.net/ "HTTP/1.1 200 OK"
2026-05-02 21:16:28,316 [INFO] sentence_transformers.base.model: No device provided, using cpu
2026-05-02 21:16:29,233 [INFO] httpx: HTTP Request: HEAD https://huggingface.co/sentence-transformers/all-MiniLM-L6-v2/resolve/main/modules.json "HTTP/1.1 307 Temporary Redirect"
2026-05-02 21:16:29,402 [INFO] httpx: HTTP Request: HEAD https://huggingface.co/api/resolve-cache/models/sentence-transformers/all-MiniLM-L6-v2/c9745ed1d9f207416be6d2e6f8de32d1f16199bf/modules.json "HTTP/1.1 200 OK"
2026-05-02 21:16:30,309 [INFO] httpx: HTTP Request: HEAD https://huggingface.co/sentence-transformers/all-MiniLM-L6-v2/resolve/main/config_sentence_transformers.json "HTTP/1.1 307 Temporary Redirect"
2026-05-02 21:16:30,310 [WARNING] huggingface_hub.utils._http: Warning: You are sending unauthenticated requests to the HF Hub. Please set a HF_TOKEN to enable higher rate limits and faster downloads.
2026-05-02 21:16:31,069 [INFO] httpx: HTTP Request: HEAD https://huggingface.co/api/resolve-cache/models/sentence-transformers/all-MiniLM-L6-v2/c9745ed1d9f207416be6d2e6f8de32d1f16199bf/config_sentence_transformers.json "HTTP/1.1 200 OK"
2026-05-02 21:16:31,071 [INFO] sentence_transformers.base.model: Loading SentenceTransformer model from sentence-transformers/all-MiniLM-L6-v2.
2026-05-02 21:16:32,761 [INFO] httpx: HTTP Request: HEAD https://huggingface.co/sentence-transformers/all-MiniLM-L6-v2/resolve/main/config_sentence_transformers.json "HTTP/1.1 307 Temporary Redirect"
2026-05-02 21:16:33,126 [INFO] httpx: HTTP Request: HEAD https://huggingface.co/api/resolve-cache/models/sentence-transformers/all-MiniLM-L6-v2/c9745ed1d9f207416be6d2e6f8de32d1f16199bf/config_sentence_transformers.json "HTTP/1.1 200 OK"
2026-05-02 21:16:33,510 [INFO] httpx: HTTP Request: HEAD https://huggingface.co/sentence-transformers/all-MiniLM-L6-v2/resolve/main/README.md "HTTP/1.1 307 Temporary Redirect"
2026-05-02 21:16:33,964 [INFO] httpx: HTTP Request: HEAD https://huggingface.co/api/resolve-cache/models/sentence-transformers/all-MiniLM-L6-v2/c9745ed1d9f207416be6d2e6f8de32d1f16199bf/README.md "HTTP/1.1 200 OK"
2026-05-02 21:16:34,622 [INFO] httpx: HTTP Request: HEAD https://huggingface.co/sentence-transformers/all-MiniLM-L6-v2/resolve/main/modules.json "HTTP/1.1 307 Temporary Redirect"
2026-05-02 21:16:34,753 [INFO] httpx: HTTP Request: HEAD https://huggingface.co/api/resolve-cache/models/sentence-transformers/all-MiniLM-L6-v2/c9745ed1d9f207416be6d2e6f8de32d1f16199bf/modules.json "HTTP/1.1 200 OK"
2026-05-02 21:16:35,022 [INFO] httpx: HTTP Request: HEAD https://huggingface.co/sentence-transformers/all-MiniLM-L6-v2/resolve/main/sentence_bert_config.json "HTTP/1.1 307 Temporary Redirect"
2026-05-02 21:16:35,155 [INFO] httpx: HTTP Request: HEAD https://huggingface.co/api/resolve-cache/models/sentence-transformers/all-MiniLM-L6-v2/c9745ed1d9f207416be6d2e6f8de32d1f16199bf/sentence_bert_config.json "HTTP/1.1 200 OK"
2026-05-02 21:16:35,461 [INFO] httpx: HTTP Request: HEAD https://huggingface.co/sentence-transformers/all-MiniLM-L6-v2/resolve/main/adapter_config.json "HTTP/1.1 404 Not Found"
2026-05-02 21:16:35,720 [INFO] httpx: HTTP Request: HEAD https://huggingface.co/sentence-transformers/all-MiniLM-L6-v2/resolve/main/config.json "HTTP/1.1 307 Temporary Redirect"
2026-05-02 21:16:35,882 [INFO] httpx: HTTP Request: HEAD https://huggingface.co/api/resolve-cache/models/sentence-transformers/all-MiniLM-L6-v2/c9745ed1d9f207416be6d2e6f8de32d1f16199bf/config.json "HTTP/1.1 200 OK"
2026-05-02 21:16:36,278 [INFO] httpx: HTTP Request: HEAD https://huggingface.co/sentence-transformers/all-MiniLM-L6-v2/resolve/main/model.safetensors "HTTP/1.1 302 Found"
2026-05-02 21:16:36,718 [INFO] httpx: HTTP Request: GET https://huggingface.co/api/models/sentence-transformers/all-MiniLM-L6-v2/xet-read-token/c9745ed1d9f207416be6d2e6f8de32d1f16199bf "HTTP/1.1 200 OK"
2026-05-02 21:18:51,899 [INFO] app.scraper.clients: Karma Piyasa Operasyonu (TR + Global): ESP32
2026-05-02 21:18:57,896 [INFO] httpx: HTTP Request: GET https://www.komponentci.net/arama?q=ESP32 "HTTP/1.1 302 Object moved"
2026-05-02 21:18:58,025 [INFO] httpx: HTTP Request: GET https://www.findchips.com/search/ESP32?currency=EUR "HTTP/1.1 200 OK"
2026-05-02 21:18:58,096 [INFO] httpx: HTTP Request: GET https://www.direnc.net/arama?q=ESP32 "HTTP/1.1 200 OK"
2026-05-02 21:18:58,130 [INFO] httpx: HTTP Request: GET https://www.robotistan.com/arama?q=ESP32 "HTTP/1.1 200 OK"
2026-05-02 21:18:58,409 [INFO] httpx: HTTP Request: GET https://www.robolinkmarket.com/arama?q=ESP32 "HTTP/1.1 200 OK"
2026-05-02 21:18:59,044 [INFO] httpx: HTTP Request: GET https://www.robo90.com/arama?q=ESP32 "HTTP/1.1 200 OK"
2026-05-02 21:19:02,106 [INFO] sentence_transformers.base.model: No device provided, using cpu
2026-05-02 21:19:15,477 [INFO] httpx: HTTP Request: HEAD https://huggingface.co/sentence-transformers/all-MiniLM-L6-v2/resolve/main/config_sentence_transformers.json "HTTP/1.1 307 Temporary Redirect"
2026-05-02 21:19:15,601 [INFO] httpx: HTTP Request: HEAD https://huggingface.co/api/resolve-cache/models/sentence-transformers/all-MiniLM-L6-v2/c9745ed1d9f207416be6d2e6f8de32d1f16199bf/config_sentence_transformers.json "HTTP/1.1 200 OK"
2026-05-02 21:19:15,602 [INFO] sentence_transformers.base.model: Loading SentenceTransformer model from sentence-transformers/all-MiniLM-L6-v2.
2026-05-02 21:19:15,837 [INFO] httpx: HTTP Request: HEAD https://huggingface.co/sentence-transformers/all-MiniLM-L6-v2/resolve/main/config_sentence_transformers.json "HTTP/1.1 307 Temporary Redirect"
2026-05-02 21:19:15,997 [INFO] httpx: HTTP Request: HEAD https://huggingface.co/api/resolve-cache/models/sentence-transformers/all-MiniLM-L6-v2/c9745ed1d9f207416be6d2e6f8de32d1f16199bf/config_sentence_transformers.json "HTTP/1.1 200 OK"
2026-05-02 21:19:16,257 [INFO] httpx: HTTP Request: HEAD https://huggingface.co/sentence-transformers/all-MiniLM-L6-v2/resolve/main/README.md "HTTP/1.1 307 Temporary Redirect"
2026-05-02 21:19:16,411 [INFO] httpx: HTTP Request: HEAD https://huggingface.co/api/resolve-cache/models/sentence-transformers/all-MiniLM-L6-v2/c9745ed1d9f207416be6d2e6f8de32d1f16199bf/README.md "HTTP/1.1 200 OK"
2026-05-02 21:19:16,687 [INFO] httpx: HTTP Request: HEAD https://huggingface.co/sentence-transformers/all-MiniLM-L6-v2/resolve/main/modules.json "HTTP/1.1 307 Temporary Redirect"
2026-05-02 21:19:16,857 [INFO] httpx: HTTP Request: HEAD https://huggingface.co/api/resolve-cache/models/sentence-transformers/all-MiniLM-L6-v2/c9745ed1d9f207416be6d2e6f8de32d1f16199bf/modules.json "HTTP/1.1 200 OK"
2026-05-02 21:19:17,108 [INFO] httpx: HTTP Request: HEAD https://huggingface.co/sentence-transformers/all-MiniLM-L6-v2/resolve/main/sentence_bert_config.json "HTTP/1.1 307 Temporary Redirect"
2026-05-02 21:19:17,249 [INFO] httpx: HTTP Request: HEAD https://huggingface.co/api/resolve-cache/models/sentence-transformers/all-MiniLM-L6-v2/c9745ed1d9f207416be6d2e6f8de32d1f16199bf/sentence_bert_config.json "HTTP/1.1 200 OK"
2026-05-02 21:19:17,562 [INFO] httpx: HTTP Request: HEAD https://huggingface.co/sentence-transformers/all-MiniLM-L6-v2/resolve/main/adapter_config.json "HTTP/1.1 404 Not Found"
2026-05-02 21:19:17,845 [INFO] httpx: HTTP Request: HEAD https://huggingface.co/sentence-transformers/all-MiniLM-L6-v2/resolve/main/config.json "HTTP/1.1 307 Temporary Redirect"
2026-05-02 21:19:17,978 [INFO] httpx: HTTP Request: HEAD https://huggingface.co/api/resolve-cache/models/sentence-transformers/all-MiniLM-L6-v2/c9745ed1d9f207416be6d2e6f8de32d1f16199bf/config.json "HTTP/1.1 200 OK"
2026-05-02 21:19:18,253 [INFO] httpx: HTTP Request: HEAD https://huggingface.co/sentence-transformers/all-MiniLM-L6-v2/resolve/main/model.safetensors "HTTP/1.1 302 Found"
2026-05-02 21:19:33,450 [INFO] app.main: Uygulama başlatılıyor...
2026-05-02 21:19:33,511 [INFO] app.scraper.clients: Karma Piyasa Operasyonu (TR + Global): ESP32
2026-05-02 21:19:34,905 [INFO] httpx: HTTP Request: GET https://www.komponentci.net/arama?q=ESP32 "HTTP/1.1 302 Object moved"
2026-05-02 21:19:35,722 [INFO] httpx: HTTP Request: GET https://www.direnc.net/arama?q=ESP32 "HTTP/1.1 200 OK"
2026-05-02 21:19:35,978 [INFO] httpx: HTTP Request: GET https://www.findchips.com/search/ESP32?currency=EUR "HTTP/1.1 200 OK"
2026-05-02 21:19:35,990 [INFO] httpx: HTTP Request: GET https://www.robolinkmarket.com/arama?q=ESP32 "HTTP/1.1 200 OK"
2026-05-02 21:19:36,164 [INFO] httpx: HTTP Request: GET https://www.robotistan.com/arama?q=ESP32 "HTTP/1.1 200 OK"
2026-05-02 21:19:37,205 [INFO] httpx: HTTP Request: GET https://www.robo90.com/arama?q=ESP32 "HTTP/1.1 200 OK"
2026-05-02 21:19:38,658 [INFO] httpx: HTTP Request: GET https://www.komponentci.net/ "HTTP/1.1 200 OK"
2026-05-02 21:19:39,607 [INFO] sentence_transformers.base.model: No device provided, using cpu
2026-05-02 21:19:40,435 [INFO] httpx: HTTP Request: HEAD https://huggingface.co/sentence-transformers/all-MiniLM-L6-v2/resolve/main/modules.json "HTTP/1.1 307 Temporary Redirect"
2026-05-02 21:19:40,436 [WARNING] huggingface_hub.utils._http: Warning: You are sending unauthenticated requests to the HF Hub. Please set a HF_TOKEN to enable higher rate limits and faster downloads.
2026-05-02 21:19:40,595 [INFO] httpx: HTTP Request: HEAD https://huggingface.co/api/resolve-cache/models/sentence-transformers/all-MiniLM-L6-v2/c9745ed1d9f207416be6d2e6f8de32d1f16199bf/modules.json "HTTP/1.1 200 OK"
2026-05-02 21:19:40,842 [INFO] httpx: HTTP Request: HEAD https://huggingface.co/sentence-transformers/all-MiniLM-L6-v2/resolve/main/config_sentence_transformers.json "HTTP/1.1 307 Temporary Redirect"
2026-05-02 21:19:41,018 [INFO] httpx: HTTP Request: HEAD https://huggingface.co/api/resolve-cache/models/sentence-transformers/all-MiniLM-L6-v2/c9745ed1d9f207416be6d2e6f8de32d1f16199bf/config_sentence_transformers.json "HTTP/1.1 200 OK"
2026-05-02 21:19:41,020 [INFO] sentence_transformers.base.model: Loading SentenceTransformer model from sentence-transformers/all-MiniLM-L6-v2.
2026-05-02 21:19:41,273 [INFO] httpx: HTTP Request: HEAD https://huggingface.co/sentence-transformers/all-MiniLM-L6-v2/resolve/main/config_sentence_transformers.json "HTTP/1.1 307 Temporary Redirect"
2026-05-02 21:19:41,444 [INFO] httpx: HTTP Request: HEAD https://huggingface.co/api/resolve-cache/models/sentence-transformers/all-MiniLM-L6-v2/c9745ed1d9f207416be6d2e6f8de32d1f16199bf/config_sentence_transformers.json "HTTP/1.1 200 OK"
2026-05-02 21:19:41,709 [INFO] httpx: HTTP Request: HEAD https://huggingface.co/sentence-transformers/all-MiniLM-L6-v2/resolve/main/README.md "HTTP/1.1 307 Temporary Redirect"
2026-05-02 21:19:41,875 [INFO] httpx: HTTP Request: HEAD https://huggingface.co/api/resolve-cache/models/sentence-transformers/all-MiniLM-L6-v2/c9745ed1d9f207416be6d2e6f8de32d1f16199bf/README.md "HTTP/1.1 200 OK"
2026-05-02 21:19:42,124 [INFO] httpx: HTTP Request: HEAD https://huggingface.co/sentence-transformers/all-MiniLM-L6-v2/resolve/main/modules.json "HTTP/1.1 307 Temporary Redirect"
2026-05-02 21:19:42,356 [INFO] httpx: HTTP Request: HEAD https://huggingface.co/api/resolve-cache/models/sentence-transformers/all-MiniLM-L6-v2/c9745ed1d9f207416be6d2e6f8de32d1f16199bf/modules.json "HTTP/1.1 200 OK"
2026-05-02 21:19:42,605 [INFO] httpx: HTTP Request: HEAD https://huggingface.co/sentence-transformers/all-MiniLM-L6-v2/resolve/main/sentence_bert_config.json "HTTP/1.1 307 Temporary Redirect"
2026-05-02 21:19:42,755 [INFO] httpx: HTTP Request: HEAD https://huggingface.co/api/resolve-cache/models/sentence-transformers/all-MiniLM-L6-v2/c9745ed1d9f207416be6d2e6f8de32d1f16199bf/sentence_bert_config.json "HTTP/1.1 200 OK"
2026-05-02 21:19:43,014 [INFO] httpx: HTTP Request: HEAD https://huggingface.co/sentence-transformers/all-MiniLM-L6-v2/resolve/main/adapter_config.json "HTTP/1.1 404 Not Found"
2026-05-02 21:19:43,269 [INFO] httpx: HTTP Request: HEAD https://huggingface.co/sentence-transformers/all-MiniLM-L6-v2/resolve/main/config.json "HTTP/1.1 307 Temporary Redirect"
2026-05-02 21:19:43,400 [INFO] httpx: HTTP Request: HEAD https://huggingface.co/api/resolve-cache/models/sentence-transformers/all-MiniLM-L6-v2/c9745ed1d9f207416be6d2e6f8de32d1f16199bf/config.json "HTTP/1.1 200 OK"
2026-05-02 21:19:43,727 [INFO] httpx: HTTP Request: HEAD https://huggingface.co/sentence-transformers/all-MiniLM-L6-v2/resolve/main/model.safetensors "HTTP/1.1 302 Found"
2026-05-02 21:19:43,982 [INFO] httpx: HTTP Request: GET https://huggingface.co/api/models/sentence-transformers/all-MiniLM-L6-v2/xet-read-token/c9745ed1d9f207416be6d2e6f8de32d1f16199bf "HTTP/1.1 200 OK"
2026-05-02 21:20:42,828 [INFO] app.main: Uygulama başlatılıyor...
2026-05-02 21:21:02,262 [INFO] app.scraper.clients: Karma Piyasa Operasyonu (TR + Global): ESP32
2026-05-02 21:21:04,464 [INFO] httpx: HTTP Request: GET https://www.robotistan.com/arama?q=ESP32 "HTTP/1.1 200 OK"
2026-05-02 21:21:04,769 [INFO] httpx: HTTP Request: GET https://www.findchips.com/search/ESP32?currency=EUR "HTTP/1.1 200 OK"
2026-05-02 21:21:05,376 [INFO] httpx: HTTP Request: GET https://www.direnc.net/arama?q=ESP32 "HTTP/1.1 200 OK"
2026-05-02 21:21:05,685 [INFO] httpx: HTTP Request: GET https://www.komponentci.net/arama?q=ESP32 "HTTP/1.1 302 Object moved"
2026-05-02 21:21:05,846 [INFO] httpx: HTTP Request: GET https://www.robolinkmarket.com/arama?q=ESP32 "HTTP/1.1 200 OK"
2026-05-02 21:21:06,595 [INFO] httpx: HTTP Request: GET https://www.robo90.com/arama?q=ESP32 "HTTP/1.1 200 OK"
2026-05-02 21:21:08,739 [INFO] httpx: HTTP Request: GET https://www.komponentci.net/ "HTTP/1.1 200 OK"
2026-05-02 21:21:12,276 [INFO] sentence_transformers.base.model: No device provided, using cpu
2026-05-02 21:21:15,245 [INFO] httpx: HTTP Request: HEAD https://huggingface.co/sentence-transformers/all-MiniLM-L6-v2/resolve/main/modules.json "HTTP/1.1 307 Temporary Redirect"
2026-05-02 21:21:15,907 [INFO] httpx: HTTP Request: HEAD https://huggingface.co/api/resolve-cache/models/sentence-transformers/all-MiniLM-L6-v2/c9745ed1d9f207416be6d2e6f8de32d1f16199bf/modules.json "HTTP/1.1 200 OK"
2026-05-02 21:21:17,264 [INFO] httpx: HTTP Request: HEAD https://huggingface.co/sentence-transformers/all-MiniLM-L6-v2/resolve/main/config_sentence_transformers.json "HTTP/1.1 307 Temporary Redirect"
2026-05-02 21:21:19,011 [INFO] httpx: HTTP Request: HEAD https://huggingface.co/api/resolve-cache/models/sentence-transformers/all-MiniLM-L6-v2/c9745ed1d9f207416be6d2e6f8de32d1f16199bf/config_sentence_transformers.json "HTTP/1.1 200 OK"
2026-05-02 21:21:19,012 [INFO] sentence_transformers.base.model: Loading SentenceTransformer model from sentence-transformers/all-MiniLM-L6-v2.
2026-05-02 21:21:20,672 [INFO] httpx: HTTP Request: HEAD https://huggingface.co/sentence-transformers/all-MiniLM-L6-v2/resolve/main/config_sentence_transformers.json "HTTP/1.1 307 Temporary Redirect"
2026-05-02 21:21:21,105 [INFO] httpx: HTTP Request: HEAD https://huggingface.co/api/resolve-cache/models/sentence-transformers/all-MiniLM-L6-v2/c9745ed1d9f207416be6d2e6f8de32d1f16199bf/config_sentence_transformers.json "HTTP/1.1 200 OK"
2026-05-02 21:21:21,625 [INFO] httpx: HTTP Request: HEAD https://huggingface.co/sentence-transformers/all-MiniLM-L6-v2/resolve/main/README.md "HTTP/1.1 307 Temporary Redirect"
2026-05-02 21:21:21,626 [WARNING] huggingface_hub.utils._http: Warning: You are sending unauthenticated requests to the HF Hub. Please set a HF_TOKEN to enable higher rate limits and faster downloads.
2026-05-02 21:21:21,922 [INFO] httpx: HTTP Request: HEAD https://huggingface.co/api/resolve-cache/models/sentence-transformers/all-MiniLM-L6-v2/c9745ed1d9f207416be6d2e6f8de32d1f16199bf/README.md "HTTP/1.1 200 OK"
2026-05-02 21:21:22,190 [INFO] httpx: HTTP Request: HEAD https://huggingface.co/sentence-transformers/all-MiniLM-L6-v2/resolve/main/modules.json "HTTP/1.1 307 Temporary Redirect"
2026-05-02 21:21:22,303 [INFO] httpx: HTTP Request: HEAD https://huggingface.co/api/resolve-cache/models/sentence-transformers/all-MiniLM-L6-v2/c9745ed1d9f207416be6d2e6f8de32d1f16199bf/modules.json "HTTP/1.1 200 OK"
2026-05-02 21:21:22,644 [INFO] httpx: HTTP Request: HEAD https://huggingface.co/sentence-transformers/all-MiniLM-L6-v2/resolve/main/sentence_bert_config.json "HTTP/1.1 307 Temporary Redirect"
2026-05-02 21:21:22,720 [INFO] httpx: HTTP Request: HEAD https://huggingface.co/api/resolve-cache/models/sentence-transformers/all-MiniLM-L6-v2/c9745ed1d9f207416be6d2e6f8de32d1f16199bf/sentence_bert_config.json "HTTP/1.1 200 OK"
2026-05-02 21:21:22,905 [INFO] httpx: HTTP Request: HEAD https://huggingface.co/sentence-transformers/all-MiniLM-L6-v2/resolve/main/adapter_config.json "HTTP/1.1 404 Not Found"
2026-05-02 21:21:23,096 [INFO] httpx: HTTP Request: HEAD https://huggingface.co/sentence-transformers/all-MiniLM-L6-v2/resolve/main/config.json "HTTP/1.1 307 Temporary Redirect"
2026-05-02 21:21:23,190 [INFO] httpx: HTTP Request: HEAD https://huggingface.co/api/resolve-cache/models/sentence-transformers/all-MiniLM-L6-v2/c9745ed1d9f207416be6d2e6f8de32d1f16199bf/config.json "HTTP/1.1 200 OK"
2026-05-02 21:21:24,163 [INFO] httpx: HTTP Request: HEAD https://huggingface.co/sentence-transformers/all-MiniLM-L6-v2/resolve/main/model.safetensors "HTTP/1.1 302 Found"
2026-05-02 21:23:42,249 [INFO] httpx: HTTP Request: HEAD https://huggingface.co/sentence-transformers/all-MiniLM-L6-v2/resolve/main/processor_config.json "HTTP/1.1 404 Not Found"
2026-05-02 21:23:42,249 [INFO] httpx: HTTP Request: HEAD https://huggingface.co/sentence-transformers/all-MiniLM-L6-v2/resolve/main/processor_config.json "HTTP/1.1 404 Not Found"
2026-05-02 21:23:42,584 [INFO] httpx: HTTP Request: HEAD https://huggingface.co/sentence-transformers/all-MiniLM-L6-v2/resolve/main/preprocessor_config.json "HTTP/1.1 404 Not Found"
2026-05-02 21:23:42,584 [INFO] httpx: HTTP Request: HEAD https://huggingface.co/sentence-transformers/all-MiniLM-L6-v2/resolve/main/preprocessor_config.json "HTTP/1.1 404 Not Found"
2026-05-02 21:23:42,864 [INFO] httpx: HTTP Request: HEAD https://huggingface.co/sentence-transformers/all-MiniLM-L6-v2/resolve/main/video_preprocessor_config.json "HTTP/1.1 404 Not Found"
2026-05-02 21:23:42,865 [INFO] httpx: HTTP Request: HEAD https://huggingface.co/sentence-transformers/all-MiniLM-L6-v2/resolve/main/video_preprocessor_config.json "HTTP/1.1 404 Not Found"
2026-05-02 21:23:43,203 [INFO] httpx: HTTP Request: HEAD https://huggingface.co/sentence-transformers/all-MiniLM-L6-v2/resolve/main/preprocessor_config.json "HTTP/1.1 404 Not Found"
2026-05-02 21:23:43,206 [INFO] httpx: HTTP Request: HEAD https://huggingface.co/sentence-transformers/all-MiniLM-L6-v2/resolve/main/preprocessor_config.json "HTTP/1.1 404 Not Found"
2026-05-02 21:23:43,438 [INFO] httpx: HTTP Request: HEAD https://huggingface.co/sentence-transformers/all-MiniLM-L6-v2/resolve/main/tokenizer_config.json "HTTP/1.1 307 Temporary Redirect"
2026-05-02 21:23:43,438 [INFO] httpx: HTTP Request: HEAD https://huggingface.co/sentence-transformers/all-MiniLM-L6-v2/resolve/main/tokenizer_config.json "HTTP/1.1 307 Temporary Redirect"
2026-05-02 21:23:43,580 [INFO] httpx: HTTP Request: HEAD https://huggingface.co/api/resolve-cache/models/sentence-transformers/all-MiniLM-L6-v2/c9745ed1d9f207416be6d2e6f8de32d1f16199bf/tokenizer_config.json "HTTP/1.1 200 OK"
2026-05-02 21:23:43,838 [INFO] httpx: HTTP Request: HEAD https://huggingface.co/sentence-transformers/all-MiniLM-L6-v2/resolve/main/config.json "HTTP/1.1 307 Temporary Redirect"
2026-05-02 21:23:43,845 [INFO] httpx: HTTP Request: HEAD https://huggingface.co/sentence-transformers/all-MiniLM-L6-v2/resolve/main/config.json "HTTP/1.1 307 Temporary Redirect"
2026-05-02 21:23:43,954 [INFO] httpx: HTTP Request: HEAD https://huggingface.co/api/resolve-cache/models/sentence-transformers/all-MiniLM-L6-v2/c9745ed1d9f207416be6d2e6f8de32d1f16199bf/config.json "HTTP/1.1 200 OK"
2026-05-02 21:23:43,974 [INFO] httpx: HTTP Request: HEAD https://huggingface.co/api/resolve-cache/models/sentence-transformers/all-MiniLM-L6-v2/c9745ed1d9f207416be6d2e6f8de32d1f16199bf/config.json "HTTP/1.1 200 OK"
2026-05-02 21:23:44,188 [INFO] httpx: HTTP Request: HEAD https://huggingface.co/sentence-transformers/all-MiniLM-L6-v2/resolve/main/config.json "HTTP/1.1 307 Temporary Redirect"
2026-05-02 21:23:44,232 [INFO] httpx: HTTP Request: HEAD https://huggingface.co/sentence-transformers/all-MiniLM-L6-v2/resolve/main/config.json "HTTP/1.1 307 Temporary Redirect"
2026-05-02 21:23:44,297 [INFO] httpx: HTTP Request: HEAD https://huggingface.co/api/resolve-cache/models/sentence-transformers/all-MiniLM-L6-v2/c9745ed1d9f207416be6d2e6f8de32d1f16199bf/config.json "HTTP/1.1 200 OK"
2026-05-02 21:23:44,347 [INFO] httpx: HTTP Request: HEAD https://huggingface.co/api/resolve-cache/models/sentence-transformers/all-MiniLM-L6-v2/c9745ed1d9f207416be6d2e6f8de32d1f16199bf/config.json "HTTP/1.1 200 OK"
2026-05-02 21:23:44,534 [INFO] httpx: HTTP Request: HEAD https://huggingface.co/sentence-transformers/all-MiniLM-L6-v2/resolve/main/tokenizer_config.json "HTTP/1.1 307 Temporary Redirect"
2026-05-02 21:23:44,588 [INFO] httpx: HTTP Request: HEAD https://huggingface.co/sentence-transformers/all-MiniLM-L6-v2/resolve/main/tokenizer_config.json "HTTP/1.1 307 Temporary Redirect"
2026-05-02 21:23:44,645 [INFO] httpx: HTTP Request: HEAD https://huggingface.co/api/resolve-cache/models/sentence-transformers/all-MiniLM-L6-v2/c9745ed1d9f207416be6d2e6f8de32d1f16199bf/tokenizer_config.json "HTTP/1.1 200 OK"
2026-05-02 21:23:44,708 [INFO] httpx: HTTP Request: HEAD https://huggingface.co/api/resolve-cache/models/sentence-transformers/all-MiniLM-L6-v2/c9745ed1d9f207416be6d2e6f8de32d1f16199bf/tokenizer_config.json "HTTP/1.1 200 OK"
2026-05-02 21:23:44,881 [INFO] httpx: HTTP Request: GET https://huggingface.co/api/models/sentence-transformers/all-MiniLM-L6-v2/tree/main/additional_chat_templates?recursive=false&expand=false "HTTP/1.1 404 Not Found"
2026-05-02 21:23:44,951 [INFO] httpx: HTTP Request: GET https://huggingface.co/api/models/sentence-transformers/all-MiniLM-L6-v2/tree/main/additional_chat_templates?recursive=false&expand=false "HTTP/1.1 404 Not Found"
2026-05-02 21:23:45,128 [INFO] httpx: HTTP Request: GET https://huggingface.co/api/models/sentence-transformers/all-MiniLM-L6-v2/tree/main?recursive=true&expand=false "HTTP/1.1 200 OK"
2026-05-02 21:23:45,199 [INFO] httpx: HTTP Request: GET https://huggingface.co/api/models/sentence-transformers/all-MiniLM-L6-v2/tree/main?recursive=true&expand=false "HTTP/1.1 200 OK"
2026-05-02 21:23:45,391 [INFO] httpx: HTTP Request: HEAD https://huggingface.co/sentence-transformers/all-MiniLM-L6-v2/resolve/main/vocab.txt "HTTP/1.1 307 Temporary Redirect"
2026-05-02 21:23:45,437 [INFO] httpx: HTTP Request: HEAD https://huggingface.co/sentence-transformers/all-MiniLM-L6-v2/resolve/main/vocab.txt "HTTP/1.1 307 Temporary Redirect"
2026-05-02 21:23:45,509 [INFO] httpx: HTTP Request: HEAD https://huggingface.co/api/resolve-cache/models/sentence-transformers/all-MiniLM-L6-v2/c9745ed1d9f207416be6d2e6f8de32d1f16199bf/vocab.txt "HTTP/1.1 200 OK"
2026-05-02 21:23:45,554 [INFO] httpx: HTTP Request: HEAD https://huggingface.co/api/resolve-cache/models/sentence-transformers/all-MiniLM-L6-v2/c9745ed1d9f207416be6d2e6f8de32d1f16199bf/vocab.txt "HTTP/1.1 200 OK"
2026-05-02 21:23:45,812 [INFO] httpx: HTTP Request: HEAD https://huggingface.co/sentence-transformers/all-MiniLM-L6-v2/resolve/main/tokenizer.json "HTTP/1.1 307 Temporary Redirect"
2026-05-02 21:23:45,841 [INFO] httpx: HTTP Request: HEAD https://huggingface.co/sentence-transformers/all-MiniLM-L6-v2/resolve/main/tokenizer.json "HTTP/1.1 307 Temporary Redirect"
2026-05-02 21:23:45,924 [INFO] httpx: HTTP Request: HEAD https://huggingface.co/api/resolve-cache/models/sentence-transformers/all-MiniLM-L6-v2/c9745ed1d9f207416be6d2e6f8de32d1f16199bf/tokenizer.json "HTTP/1.1 200 OK"
2026-05-02 21:23:45,956 [INFO] httpx: HTTP Request: HEAD https://huggingface.co/api/resolve-cache/models/sentence-transformers/all-MiniLM-L6-v2/c9745ed1d9f207416be6d2e6f8de32d1f16199bf/tokenizer.json "HTTP/1.1 200 OK"
2026-05-02 21:23:46,426 [INFO] httpx: HTTP Request: HEAD https://huggingface.co/sentence-transformers/all-MiniLM-L6-v2/resolve/main/added_tokens.json "HTTP/1.1 404 Not Found"
2026-05-02 21:23:46,458 [INFO] httpx: HTTP Request: HEAD https://huggingface.co/sentence-transformers/all-MiniLM-L6-v2/resolve/main/added_tokens.json "HTTP/1.1 404 Not Found"
2026-05-02 21:23:46,715 [INFO] httpx: HTTP Request: HEAD https://huggingface.co/sentence-transformers/all-MiniLM-L6-v2/resolve/main/special_tokens_map.json "HTTP/1.1 307 Temporary Redirect"
2026-05-02 21:23:46,806 [INFO] httpx: HTTP Request: HEAD https://huggingface.co/sentence-transformers/all-MiniLM-L6-v2/resolve/main/special_tokens_map.json "HTTP/1.1 307 Temporary Redirect"
2026-05-02 21:23:46,884 [INFO] httpx: HTTP Request: HEAD https://huggingface.co/api/resolve-cache/models/sentence-transformers/all-MiniLM-L6-v2/c9745ed1d9f207416be6d2e6f8de32d1f16199bf/special_tokens_map.json "HTTP/1.1 200 OK"
2026-05-02 21:23:46,922 [INFO] httpx: HTTP Request: HEAD https://huggingface.co/api/resolve-cache/models/sentence-transformers/all-MiniLM-L6-v2/c9745ed1d9f207416be6d2e6f8de32d1f16199bf/special_tokens_map.json "HTTP/1.1 200 OK"
2026-05-02 21:23:47,222 [INFO] httpx: HTTP Request: HEAD https://huggingface.co/sentence-transformers/all-MiniLM-L6-v2/resolve/main/chat_template.jinja "HTTP/1.1 404 Not Found"
2026-05-02 21:23:47,264 [INFO] httpx: HTTP Request: HEAD https://huggingface.co/sentence-transformers/all-MiniLM-L6-v2/resolve/main/chat_template.jinja "HTTP/1.1 404 Not Found"
2026-05-02 21:23:47,527 [INFO] httpx: HTTP Request: HEAD https://huggingface.co/sentence-transformers/all-MiniLM-L6-v2/resolve/main/1_Pooling/config.json "HTTP/1.1 307 Temporary Redirect"
2026-05-02 21:23:47,531 [INFO] httpx: HTTP Request: HEAD https://huggingface.co/sentence-transformers/all-MiniLM-L6-v2/resolve/main/1_Pooling/config.json "HTTP/1.1 307 Temporary Redirect"
2026-05-02 21:23:47,660 [INFO] httpx: HTTP Request: HEAD https://huggingface.co/api/resolve-cache/models/sentence-transformers/all-MiniLM-L6-v2/c9745ed1d9f207416be6d2e6f8de32d1f16199bf/1_Pooling%2Fconfig.json "HTTP/1.1 200 OK"
2026-05-02 21:23:47,663 [INFO] httpx: HTTP Request: HEAD https://huggingface.co/api/resolve-cache/models/sentence-transformers/all-MiniLM-L6-v2/c9745ed1d9f207416be6d2e6f8de32d1f16199bf/1_Pooling%2Fconfig.json "HTTP/1.1 200 OK"
2026-05-02 21:23:48,006 [INFO] httpx: HTTP Request: GET https://huggingface.co/api/models/sentence-transformers/all-MiniLM-L6-v2 "HTTP/1.1 200 OK"
2026-05-02 21:23:48,011 [INFO] httpx: HTTP Request: GET https://huggingface.co/api/models/sentence-transformers/all-MiniLM-L6-v2 "HTTP/1.1 200 OK"
2026-05-02 21:23:48,136 [INFO] root: AFC is enabled with max remote calls: 10.
2026-05-02 21:23:48,136 [INFO] root: AFC is enabled with max remote calls: 10.
2026-05-02 21:23:49,075 [WARNING] app.services.trade_service: AI pipeline execution failed: 'brand'
2026-05-02 21:23:49,134 [WARNING] app.services.trade_service: AI pipeline execution failed: 'brand'
2026-05-02 21:24:31,225 [INFO] app.main: Uygulama başlatılıyor...
2026-05-02 21:32:35,947 [INFO] app.scraper.clients: Karma Piyasa Operasyonu (TR + Global): ESP32
2026-05-02 21:32:37,429 [INFO] httpx: HTTP Request: GET https://www.findchips.com/search/ESP32?currency=EUR "HTTP/1.1 200 OK"
2026-05-02 21:32:37,591 [INFO] httpx: HTTP Request: GET https://www.robolinkmarket.com/arama?q=ESP32 "HTTP/1.1 200 OK"
2026-05-02 21:32:37,710 [INFO] httpx: HTTP Request: GET https://www.robo90.com/arama?q=ESP32 "HTTP/1.1 200 OK"
2026-05-02 21:32:38,163 [INFO] httpx: HTTP Request: GET https://www.robotistan.com/arama?q=ESP32 "HTTP/1.1 200 OK"
2026-05-02 21:32:38,453 [INFO] httpx: HTTP Request: GET https://www.direnc.net/arama?q=ESP32 "HTTP/1.1 200 OK"
2026-05-02 21:32:38,611 [INFO] httpx: HTTP Request: GET https://www.komponentci.net/arama?q=ESP32 "HTTP/1.1 302 Object moved"
2026-05-02 21:32:40,056 [INFO] httpx: HTTP Request: GET https://www.komponentci.net/ "HTTP/1.1 200 OK"
2026-05-02 21:32:40,308 [INFO] root: AFC is enabled with max remote calls: 10.
2026-05-02 21:32:41,384 [WARNING] app.services.trade_service: AI pipeline execution failed: 'brand'
2026-05-02 21:38:02,342 [INFO] app.scraper.clients: Karma Piyasa Operasyonu (TR + Global): ESP32
2026-05-02 21:38:03,958 [INFO] httpx: HTTP Request: GET https://www.robolinkmarket.com/arama?q=ESP32 "HTTP/1.1 200 OK"
2026-05-02 21:38:03,999 [INFO] httpx: HTTP Request: GET https://www.robo90.com/arama?q=ESP32 "HTTP/1.1 200 OK"
2026-05-02 21:38:04,281 [INFO] httpx: HTTP Request: GET https://www.robotistan.com/arama?q=ESP32 "HTTP/1.1 200 OK"
2026-05-02 21:38:04,283 [INFO] httpx: HTTP Request: GET https://www.findchips.com/search/ESP32?currency=EUR "HTTP/1.1 200 OK"
2026-05-02 21:38:04,285 [INFO] httpx: HTTP Request: GET https://www.direnc.net/arama?q=ESP32 "HTTP/1.1 200 OK"
2026-05-02 21:38:05,348 [INFO] httpx: HTTP Request: GET https://www.komponentci.net/arama?q=ESP32 "HTTP/1.1 302 Object moved"
2026-05-02 21:38:07,684 [INFO] httpx: HTTP Request: GET https://www.komponentci.net/ "HTTP/1.1 200 OK"
2026-05-02 21:38:08,753 [INFO] root: AFC is enabled with max remote calls: 10.
2026-05-02 21:38:09,934 [WARNING] app.services.trade_service: AI pipeline execution failed: 'brand'
2026-05-02 21:38:09,941 [INFO] app.scraper.clients: Karma Piyasa Operasyonu (TR + Global): ESP32
2026-05-02 21:38:12,141 [INFO] httpx: HTTP Request: GET https://www.komponentci.net/arama?q=ESP32 "HTTP/1.1 302 Object moved"
2026-05-02 21:38:12,284 [INFO] httpx: HTTP Request: GET https://www.robolinkmarket.com/arama?q=ESP32 "HTTP/1.1 200 OK"
2026-05-02 21:38:12,314 [INFO] httpx: HTTP Request: GET https://www.direnc.net/arama?q=ESP32 "HTTP/1.1 200 OK"
2026-05-02 21:38:12,425 [INFO] httpx: HTTP Request: GET https://www.robotistan.com/arama?q=ESP32 "HTTP/1.1 200 OK"
2026-05-02 21:38:12,544 [INFO] httpx: HTTP Request: GET https://www.robo90.com/arama?q=ESP32 "HTTP/1.1 200 OK"
2026-05-02 21:38:13,232 [INFO] httpx: HTTP Request: GET https://www.komponentci.net/ "HTTP/1.1 200 OK"
2026-05-02 21:38:13,234 [INFO] httpx: HTTP Request: GET https://www.findchips.com/search/ESP32?currency=EUR "HTTP/1.1 200 OK"
2026-05-02 21:38:15,193 [INFO] root: AFC is enabled with max remote calls: 10.
2026-05-02 21:38:16,057 [WARNING] app.services.trade_service: AI pipeline execution failed: 'brand'
2026-05-02 21:46:08,242 [INFO] app.main: Uygulama başlatılıyor...
2026-05-02 21:46:26,822 [INFO] app.scraper.clients: Karma Piyasa Operasyonu (TR + Global): ESP32
2026-05-02 21:46:28,774 [INFO] httpx: HTTP Request: GET https://www.findchips.com/search/ESP32?currency=EUR "HTTP/1.1 200 OK"
2026-05-02 21:46:28,776 [INFO] httpx: HTTP Request: GET https://www.robolinkmarket.com/arama?q=ESP32 "HTTP/1.1 200 OK"
2026-05-02 21:46:28,945 [INFO] httpx: HTTP Request: GET https://www.robo90.com/arama?q=ESP32 "HTTP/1.1 200 OK"
2026-05-02 21:46:29,266 [INFO] httpx: HTTP Request: GET https://www.robotistan.com/arama?q=ESP32 "HTTP/1.1 200 OK"
2026-05-02 21:46:29,479 [INFO] httpx: HTTP Request: GET https://www.komponentci.net/arama?q=ESP32 "HTTP/1.1 302 Object moved"
2026-05-02 21:46:29,508 [INFO] httpx: HTTP Request: GET https://www.direnc.net/arama?q=ESP32 "HTTP/1.1 200 OK"
2026-05-02 21:46:30,551 [INFO] httpx: HTTP Request: GET https://www.komponentci.net/ "HTTP/1.1 200 OK"
2026-05-02 21:46:31,319 [INFO] sentence_transformers.base.model: No device provided, using cpu
2026-05-02 21:46:32,091 [INFO] httpx: HTTP Request: HEAD https://huggingface.co/sentence-transformers/all-MiniLM-L6-v2/resolve/main/modules.json "HTTP/1.1 307 Temporary Redirect"
2026-05-02 21:46:32,196 [INFO] httpx: HTTP Request: HEAD https://huggingface.co/api/resolve-cache/models/sentence-transformers/all-MiniLM-L6-v2/c9745ed1d9f207416be6d2e6f8de32d1f16199bf/modules.json "HTTP/1.1 200 OK"
2026-05-02 21:46:32,406 [INFO] httpx: HTTP Request: HEAD https://huggingface.co/sentence-transformers/all-MiniLM-L6-v2/resolve/main/config_sentence_transformers.json "HTTP/1.1 307 Temporary Redirect"
2026-05-02 21:46:32,407 [WARNING] huggingface_hub.utils._http: Warning: You are sending unauthenticated requests to the HF Hub. Please set a HF_TOKEN to enable higher rate limits and faster downloads.
2026-05-02 21:46:32,580 [INFO] httpx: HTTP Request: HEAD https://huggingface.co/api/resolve-cache/models/sentence-transformers/all-MiniLM-L6-v2/c9745ed1d9f207416be6d2e6f8de32d1f16199bf/config_sentence_transformers.json "HTTP/1.1 200 OK"
2026-05-02 21:46:32,582 [INFO] sentence_transformers.base.model: Loading SentenceTransformer model from sentence-transformers/all-MiniLM-L6-v2.
2026-05-02 21:46:32,783 [INFO] httpx: HTTP Request: HEAD https://huggingface.co/sentence-transformers/all-MiniLM-L6-v2/resolve/main/config_sentence_transformers.json "HTTP/1.1 307 Temporary Redirect"
2026-05-02 21:46:32,863 [INFO] httpx: HTTP Request: HEAD https://huggingface.co/api/resolve-cache/models/sentence-transformers/all-MiniLM-L6-v2/c9745ed1d9f207416be6d2e6f8de32d1f16199bf/config_sentence_transformers.json "HTTP/1.1 200 OK"
2026-05-02 21:46:33,051 [INFO] httpx: HTTP Request: HEAD https://huggingface.co/sentence-transformers/all-MiniLM-L6-v2/resolve/main/README.md "HTTP/1.1 307 Temporary Redirect"
2026-05-02 21:46:33,154 [INFO] httpx: HTTP Request: HEAD https://huggingface.co/api/resolve-cache/models/sentence-transformers/all-MiniLM-L6-v2/c9745ed1d9f207416be6d2e6f8de32d1f16199bf/README.md "HTTP/1.1 200 OK"
2026-05-02 21:46:33,396 [INFO] httpx: HTTP Request: HEAD https://huggingface.co/sentence-transformers/all-MiniLM-L6-v2/resolve/main/modules.json "HTTP/1.1 307 Temporary Redirect"
2026-05-02 21:46:33,538 [INFO] httpx: HTTP Request: HEAD https://huggingface.co/api/resolve-cache/models/sentence-transformers/all-MiniLM-L6-v2/c9745ed1d9f207416be6d2e6f8de32d1f16199bf/modules.json "HTTP/1.1 200 OK"
2026-05-02 21:46:34,113 [INFO] httpx: HTTP Request: HEAD https://huggingface.co/sentence-transformers/all-MiniLM-L6-v2/resolve/main/sentence_bert_config.json "HTTP/1.1 307 Temporary Redirect"
2026-05-02 21:46:34,421 [INFO] httpx: HTTP Request: HEAD https://huggingface.co/api/resolve-cache/models/sentence-transformers/all-MiniLM-L6-v2/c9745ed1d9f207416be6d2e6f8de32d1f16199bf/sentence_bert_config.json "HTTP/1.1 200 OK"
2026-05-02 21:46:34,847 [INFO] httpx: HTTP Request: HEAD https://huggingface.co/sentence-transformers/all-MiniLM-L6-v2/resolve/main/adapter_config.json "HTTP/1.1 404 Not Found"
2026-05-02 21:46:35,122 [INFO] httpx: HTTP Request: HEAD https://huggingface.co/sentence-transformers/all-MiniLM-L6-v2/resolve/main/config.json "HTTP/1.1 307 Temporary Redirect"
2026-05-02 21:46:35,237 [INFO] httpx: HTTP Request: HEAD https://huggingface.co/api/resolve-cache/models/sentence-transformers/all-MiniLM-L6-v2/c9745ed1d9f207416be6d2e6f8de32d1f16199bf/config.json "HTTP/1.1 200 OK"
2026-05-02 21:46:35,608 [INFO] httpx: HTTP Request: HEAD https://huggingface.co/sentence-transformers/all-MiniLM-L6-v2/resolve/main/processor_config.json "HTTP/1.1 404 Not Found"
2026-05-02 21:46:35,912 [INFO] httpx: HTTP Request: HEAD https://huggingface.co/sentence-transformers/all-MiniLM-L6-v2/resolve/main/preprocessor_config.json "HTTP/1.1 404 Not Found"
2026-05-02 21:46:36,499 [INFO] httpx: HTTP Request: HEAD https://huggingface.co/sentence-transformers/all-MiniLM-L6-v2/resolve/main/video_preprocessor_config.json "HTTP/1.1 404 Not Found"
2026-05-02 21:46:36,849 [INFO] httpx: HTTP Request: HEAD https://huggingface.co/sentence-transformers/all-MiniLM-L6-v2/resolve/main/preprocessor_config.json "HTTP/1.1 404 Not Found"
2026-05-02 21:46:37,451 [INFO] httpx: HTTP Request: HEAD https://huggingface.co/sentence-transformers/all-MiniLM-L6-v2/resolve/main/tokenizer_config.json "HTTP/1.1 307 Temporary Redirect"
2026-05-02 21:46:37,738 [INFO] httpx: HTTP Request: HEAD https://huggingface.co/api/resolve-cache/models/sentence-transformers/all-MiniLM-L6-v2/c9745ed1d9f207416be6d2e6f8de32d1f16199bf/tokenizer_config.json "HTTP/1.1 200 OK"
2026-05-02 21:46:37,933 [INFO] httpx: HTTP Request: HEAD https://huggingface.co/sentence-transformers/all-MiniLM-L6-v2/resolve/main/config.json "HTTP/1.1 307 Temporary Redirect"
2026-05-02 21:46:38,034 [INFO] httpx: HTTP Request: HEAD https://huggingface.co/api/resolve-cache/models/sentence-transformers/all-MiniLM-L6-v2/c9745ed1d9f207416be6d2e6f8de32d1f16199bf/config.json "HTTP/1.1 200 OK"
2026-05-02 21:46:38,236 [INFO] httpx: HTTP Request: HEAD https://huggingface.co/sentence-transformers/all-MiniLM-L6-v2/resolve/main/config.json "HTTP/1.1 307 Temporary Redirect"
2026-05-02 21:46:38,354 [INFO] httpx: HTTP Request: HEAD https://huggingface.co/api/resolve-cache/models/sentence-transformers/all-MiniLM-L6-v2/c9745ed1d9f207416be6d2e6f8de32d1f16199bf/config.json "HTTP/1.1 200 OK"
2026-05-02 21:46:38,559 [INFO] httpx: HTTP Request: HEAD https://huggingface.co/sentence-transformers/all-MiniLM-L6-v2/resolve/main/tokenizer_config.json "HTTP/1.1 307 Temporary Redirect"
2026-05-02 21:46:38,753 [INFO] httpx: HTTP Request: HEAD https://huggingface.co/api/resolve-cache/models/sentence-transformers/all-MiniLM-L6-v2/c9745ed1d9f207416be6d2e6f8de32d1f16199bf/tokenizer_config.json "HTTP/1.1 200 OK"
2026-05-02 21:46:39,097 [INFO] httpx: HTTP Request: GET https://huggingface.co/api/models/sentence-transformers/all-MiniLM-L6-v2/tree/main/additional_chat_templates?recursive=false&expand=false "HTTP/1.1 404 Not Found"
2026-05-02 21:46:39,368 [INFO] httpx: HTTP Request: GET https://huggingface.co/api/models/sentence-transformers/all-MiniLM-L6-v2/tree/main?recursive=true&expand=false "HTTP/1.1 200 OK"
2026-05-02 21:46:39,645 [INFO] httpx: HTTP Request: HEAD https://huggingface.co/sentence-transformers/all-MiniLM-L6-v2/resolve/main/1_Pooling/config.json "HTTP/1.1 307 Temporary Redirect"
2026-05-02 21:46:39,755 [INFO] httpx: HTTP Request: HEAD https://huggingface.co/api/resolve-cache/models/sentence-transformers/all-MiniLM-L6-v2/c9745ed1d9f207416be6d2e6f8de32d1f16199bf/1_Pooling%2Fconfig.json "HTTP/1.1 200 OK"
2026-05-02 21:46:39,965 [INFO] httpx: HTTP Request: GET https://huggingface.co/api/models/sentence-transformers/all-MiniLM-L6-v2 "HTTP/1.1 200 OK"
2026-05-02 21:46:40,016 [INFO] root: AFC is enabled with max remote calls: 10.
2026-05-02 21:46:41,105 [WARNING] app.services.trade_service: AI pipeline execution failed: 'brand'
2026-05-02 21:47:57,601 [INFO] app.scraper.clients: Karma Piyasa Operasyonu (TR + Global): ESP32
2026-05-02 21:47:59,625 [INFO] httpx: HTTP Request: GET https://www.komponentci.net/arama?q=ESP32 "HTTP/1.1 302 Object moved"
2026-05-02 21:47:59,799 [INFO] httpx: HTTP Request: GET https://www.robotistan.com/arama?q=ESP32 "HTTP/1.1 200 OK"
2026-05-02 21:47:59,853 [INFO] httpx: HTTP Request: GET https://www.robo90.com/arama?q=ESP32 "HTTP/1.1 200 OK"
2026-05-02 21:48:00,049 [INFO] httpx: HTTP Request: GET https://www.robolinkmarket.com/arama?q=ESP32 "HTTP/1.1 200 OK"
2026-05-02 21:48:00,182 [INFO] httpx: HTTP Request: GET https://www.findchips.com/search/ESP32?currency=EUR "HTTP/1.1 200 OK"
2026-05-02 21:48:00,457 [INFO] httpx: HTTP Request: GET https://www.komponentci.net/ "HTTP/1.1 200 OK"
2026-05-02 21:48:00,901 [INFO] httpx: HTTP Request: GET https://www.direnc.net/arama?q=ESP32 "HTTP/1.1 200 OK"
2026-05-02 21:48:02,151 [INFO] root: AFC is enabled with max remote calls: 10.
2026-05-02 21:48:02,960 [WARNING] app.services.trade_service: AI pipeline execution failed: 'brand'
2026-05-02 21:48:02,964 [INFO] app.scraper.clients: Karma Piyasa Operasyonu (TR + Global): ESP32
2026-05-02 21:48:04,421 [INFO] httpx: HTTP Request: GET https://www.komponentci.net/arama?q=ESP32 "HTTP/1.1 302 Object moved"
2026-05-02 21:48:04,543 [INFO] httpx: HTTP Request: GET https://www.robolinkmarket.com/arama?q=ESP32 "HTTP/1.1 200 OK"
2026-05-02 21:48:04,606 [INFO] httpx: HTTP Request: GET https://www.robo90.com/arama?q=ESP32 "HTTP/1.1 200 OK"
2026-05-02 21:48:04,610 [INFO] httpx: HTTP Request: GET https://www.direnc.net/arama?q=ESP32 "HTTP/1.1 200 OK"
2026-05-02 21:48:04,785 [INFO] httpx: HTTP Request: GET https://www.robotistan.com/arama?q=ESP32 "HTTP/1.1 200 OK"
2026-05-02 21:48:05,795 [INFO] httpx: HTTP Request: GET https://www.komponentci.net/ "HTTP/1.1 200 OK"
2026-05-02 21:48:05,796 [INFO] httpx: HTTP Request: GET https://www.findchips.com/search/ESP32?currency=EUR "HTTP/1.1 200 OK"
2026-05-02 21:48:07,119 [INFO] root: AFC is enabled with max remote calls: 10.
2026-05-02 21:48:07,968 [WARNING] app.services.trade_service: AI pipeline execution failed: 'brand'
